<?xml version="1.0" encoding="UTF-8"?>
<!-- Generated by org.testng.reporters.JUnitReportReporter -->
<testsuite hostname="Arche-ITL476" failures="0" tests="5" name="com.opencart.qa.testcase.HomePageTest" time="18.611" errors="0" timestamp="2022-11-24T12:52:23 IST" skipped="0">
  <testcase classname="com.opencart.qa.testcase.HomePageTest" name="VerifyPageTitle" time="2.852"/>
  <system-out/>
  <testcase classname="com.opencart.qa.testcase.HomePageTest" name="VerifyCompanyLogo" time="2.842"/>
  <system-out/>
  <testcase classname="com.opencart.qa.testcase.HomePageTest" name="VerifySearchFunctionality" time="3.677"/>
  <system-out/>
  <testcase classname="com.opencart.qa.testcase.HomePageTest" name="VerifyAccount_LoginRedirection" time="4.791"/>
  <system-out/>
  <testcase classname="com.opencart.qa.testcase.HomePageTest" name="VerifyAccount_RegisterRedirection" time="4.449"/>
  <system-out/>
</testsuite> <!-- com.opencart.qa.testcase.HomePageTest -->
