<?xml version="1.0" encoding="UTF-8"?>
<!-- Generated by org.testng.reporters.JUnitReportReporter -->
<testsuite hostname="Arche-ITL476" failures="0" tests="2" name="com.opencart.qa.testcase.SearchPageTest" time="1.234" errors="0" timestamp="2022-11-22T12:45:29 IST" skipped="0">
  <testcase classname="com.opencart.qa.testcase.SearchPageTest" name="VerifyValidKeyword_search" time="0.710"/>
  <system-out/>
  <testcase classname="com.opencart.qa.testcase.SearchPageTest" name="VerifyInValidKeyword_search" time="0.524"/>
  <system-out/>
</testsuite> <!-- com.opencart.qa.testcase.SearchPageTest -->
