<?xml version="1.0" encoding="UTF-8"?>
<!-- Generated by org.testng.reporters.JUnitReportReporter -->
<testsuite hostname="Arche-ITL476" failures="0" tests="2" name="com.opencart.qa.testcase.SearchPageTest" time="6.389" errors="0" timestamp="2022-11-24T12:52:23 IST" skipped="0">
  <testcase classname="com.opencart.qa.testcase.SearchPageTest" name="VerifyValidKeyword_search" time="3.083"/>
  <system-out/>
  <testcase classname="com.opencart.qa.testcase.SearchPageTest" name="VerifyInValidKeyword_search" time="3.306"/>
  <system-out/>
</testsuite> <!-- com.opencart.qa.testcase.SearchPageTest -->
