<?xml version="1.0" encoding="UTF-8"?>
<!-- Generated by org.testng.reporters.JUnitReportReporter -->
<testsuite hostname="KUSH1107" failures="0" tests="2" name="com.opencart.qa.testcase.SearchPageTest" time="7.473" errors="0" timestamp="2022-11-29T00:07:04 IST" skipped="0">
  <testcase classname="com.opencart.qa.testcase.SearchPageTest" name="VerifyValidKeyword_search" time="3.729"/>
  <system-out/>
  <testcase classname="com.opencart.qa.testcase.SearchPageTest" name="VerifyInValidKeyword_search" time="3.744"/>
  <system-out/>
</testsuite> <!-- com.opencart.qa.testcase.SearchPageTest -->
