<?xml version="1.0" encoding="UTF-8"?>
<!-- Generated by org.testng.reporters.JUnitReportReporter -->
<testsuite hostname="Arche-ITL476" failures="0" tests="5" name="com.opencart.qa.testcase.HomePageTest" time="1.963" errors="0" timestamp="2022-11-22T13:00:43 IST" skipped="0">
  <testcase classname="com.opencart.qa.testcase.HomePageTest" name="VerifyPageTitle" time="0.023"/>
  <system-out/>
  <testcase classname="com.opencart.qa.testcase.HomePageTest" name="VerifyCompanyLogo" time="0.047"/>
  <system-out/>
  <testcase classname="com.opencart.qa.testcase.HomePageTest" name="VerifySearchFunctionality" time="0.660"/>
  <system-out/>
  <testcase classname="com.opencart.qa.testcase.HomePageTest" name="VerifyAccount_LoginRedirection" time="0.424"/>
  <system-out/>
  <testcase classname="com.opencart.qa.testcase.HomePageTest" name="VerifyAccount_RegisterRedirection" time="0.809"/>
  <system-out/>
</testsuite> <!-- com.opencart.qa.testcase.HomePageTest -->
