<?xml version="1.0" encoding="UTF-8"?>
<!-- Generated by org.testng.reporters.JUnitReportReporter -->
<testsuite hostname="KUSH1107" failures="0" tests="5" name="com.opencart.qa.testcase.HomePageTest" time="21.329" errors="0" timestamp="2022-11-29T00:07:04 IST" skipped="0">
  <testcase classname="com.opencart.qa.testcase.HomePageTest" name="VerifyPageTitle" time="3.598"/>
  <system-out/>
  <testcase classname="com.opencart.qa.testcase.HomePageTest" name="VerifyCompanyLogo" time="3.550"/>
  <system-out/>
  <testcase classname="com.opencart.qa.testcase.HomePageTest" name="VerifySearchFunctionality" time="3.732"/>
  <system-out/>
  <testcase classname="com.opencart.qa.testcase.HomePageTest" name="VerifyAccount_LoginRedirection" time="4.930"/>
  <system-out/>
  <testcase classname="com.opencart.qa.testcase.HomePageTest" name="VerifyAccount_RegisterRedirection" time="5.519"/>
  <system-out/>
</testsuite> <!-- com.opencart.qa.testcase.HomePageTest -->
