<?xml version="1.0" encoding="UTF-8"?>
<!-- Generated by org.testng.reporters.JUnitReportReporter -->
<testsuite hostname="Arche-ITL476" failures="0" tests="2" name="com.opencart.qa.testcase.LoginPageTest" time="2.378" errors="0" timestamp="2022-11-22T14:37:59 IST" skipped="0">
  <testcase classname="com.opencart.qa.testcase.LoginPageTest" name="VerifyForgottenpasswordLinkPresent" time="0.583"/>
  <system-out/>
  <testcase classname="com.opencart.qa.testcase.LoginPageTest" name="VerifyLoginUser" time="1.795"/>
  <system-out/>
</testsuite> <!-- com.opencart.qa.testcase.LoginPageTest -->
