<?xml version="1.0" encoding="UTF-8"?>
<!-- Generated by org.testng.reporters.JUnitReportReporter -->
<testsuite hostname="KUSH1107" failures="0" tests="2" name="com.opencart.qa.testcase.HomePageTest" time="9.791" errors="0" timestamp="2022-11-17T22:23:30 IST" skipped="0">
  <testcase classname="com.opencart.qa.testcase.HomePageTest" name="VerifyPageTitle" time="3.267"/>
  <system-out/>
  <testcase classname="com.opencart.qa.testcase.HomePageTest" name="VerifySearchFunctionality" time="6.524"/>
  <system-out/>
</testsuite> <!-- com.opencart.qa.testcase.HomePageTest -->
