<?xml version="1.0" encoding="UTF-8"?>
<!-- Generated by org.testng.reporters.JUnitReportReporter -->
<testsuite hostname="Arche-ITL476" failures="0" tests="4" name="com.opencart.qa.testcase.RegisterPageTest" time="20.817" errors="0" timestamp="2022-11-24T12:52:23 IST" skipped="0">
  <testcase classname="com.opencart.qa.testcase.RegisterPageTest" name="VerifyRegisterUser" time="4.629"/>
  <system-out/>
  <testcase classname="com.opencart.qa.testcase.RegisterPageTest" name="VerifyRegisterUser" time="4.745"/>
  <system-out/>
  <testcase classname="com.opencart.qa.testcase.RegisterPageTest" name="VerifyUserAlreadyRegister" time="6.539"/>
  <system-out/>
  <testcase classname="com.opencart.qa.testcase.RegisterPageTest" name="VerifyUserAlreadyRegister" time="4.904"/>
  <system-out/>
</testsuite> <!-- com.opencart.qa.testcase.RegisterPageTest -->
