<?xml version="1.0" encoding="UTF-8"?>
<!-- Generated by org.testng.reporters.JUnitReportReporter -->
<testsuite hostname="Arche-ITL476" failures="0" tests="1" name="com.opencart.qa.testcase.dummytest" time="9.186" errors="0" timestamp="2022-11-22T11:08:01 IST" skipped="0">
  <testcase classname="com.opencart.qa.testcase.dummytest" name="DummytestPass" time="9.186"/>
  <system-out/>
</testsuite> <!-- com.opencart.qa.testcase.dummytest -->
