<?xml version="1.0" encoding="UTF-8"?>
<!-- Generated by org.testng.reporters.JUnitReportReporter -->
<testsuite hostname="Arche-ITL476" failures="0" tests="1" name="com.opencart.qa.testcase.AddToCartPageTest" time="10.287" errors="0" timestamp="2022-11-29T14:24:05 IST" skipped="0">
  <testcase classname="com.opencart.qa.testcase.AddToCartPageTest" name="VerifyAddToCartFunctionality" time="10.287"/>
  <system-out/>
</testsuite> <!-- com.opencart.qa.testcase.AddToCartPageTest -->
