<?xml version="1.0" encoding="UTF-8"?>
<!-- Generated by org.testng.reporters.JUnitReportReporter -->
<testsuite hostname="Arche-ITL476" failures="0" tests="2" name="com.opencart.qa.testcase.LoginPageTest" time="14.618" errors="0" timestamp="2022-11-24T12:52:23 IST" skipped="0">
  <testcase classname="com.opencart.qa.testcase.LoginPageTest" name="VerifyForgottenpasswordLinkPresent" time="7.960"/>
  <system-out/>
  <testcase classname="com.opencart.qa.testcase.LoginPageTest" name="VerifyLoginUser" time="6.658"/>
  <system-out/>
</testsuite> <!-- com.opencart.qa.testcase.LoginPageTest -->
