<?xml version="1.0" encoding="UTF-8"?>
<!-- Generated by org.testng.reporters.JUnitReportReporter -->
<testsuite hostname="KUSH1107" failures="0" tests="2" name="com.opencart.qa.testcase.LoginPageTest" time="13.513" errors="0" timestamp="2022-11-29T01:30:02 IST" skipped="0">
  <testcase classname="com.opencart.qa.testcase.LoginPageTest" name="VerifyForgottenpasswordLinkPresent" time="7.048"/>
  <system-out/>
  <testcase classname="com.opencart.qa.testcase.LoginPageTest" name="VerifyLoginUser" time="6.465"/>
  <system-out/>
</testsuite> <!-- com.opencart.qa.testcase.LoginPageTest -->
