<?xml version="1.0" encoding="UTF-8"?>
<!-- Generated by org.testng.reporters.JUnitReportReporter -->
<testsuite hostname="Arche-ITL476" failures="0" tests="1" name="com.opencart.qa.testcase.HomePageTest" time="7.737" errors="0" timestamp="2022-11-17T17:29:31 IST" skipped="0">
  <testcase classname="com.opencart.qa.testcase.HomePageTest" name="VerifyPageTitle" time="7.737"/>
  <system-out/>
</testsuite> <!-- com.opencart.qa.testcase.HomePageTest -->
